C:\code\BarberShopCodeChallenge\WebApplication3\Angular\dist\out-tsc\BarberAndWaitTime.js
C:\code\BarberShopCodeChallenge\WebApplication3\Angular\dist\out-tsc\BarberAndWaitTime.js.map
C:\code\BarberShopCodeChallenge\WebApplication3\Angular\dist\out-tsc\ScheduleAppointmentFeedback.js
C:\code\BarberShopCodeChallenge\WebApplication3\Angular\dist\out-tsc\ScheduleAppointmentFeedback.js.map
C:\code\BarberShopCodeChallenge\WebApplication3\Angular\dist\out-tsc\ScheduledCustomer.js
C:\code\BarberShopCodeChallenge\WebApplication3\Angular\dist\out-tsc\ScheduledCustomer.js.map
C:\code\BarberShopCodeChallenge\WebApplication3\Angular\dist\out-tsc\e2e\src\app.po.js
C:\code\BarberShopCodeChallenge\WebApplication3\Angular\dist\out-tsc\e2e\src\app.po.js.map
C:\code\BarberShopCodeChallenge\WebApplication3\Angular\dist\out-tsc\e2e\src\app.e2e-spec.js
C:\code\BarberShopCodeChallenge\WebApplication3\Angular\dist\out-tsc\e2e\src\app.e2e-spec.js.map
C:\code\BarberShopCodeChallenge\WebApplication3\Angular\dist\out-tsc\src\CustomerToSchedule.js
C:\code\BarberShopCodeChallenge\WebApplication3\Angular\dist\out-tsc\src\CustomerToSchedule.js.map
C:\code\BarberShopCodeChallenge\WebApplication3\Angular\dist\out-tsc\src\app\app.component.js
C:\code\BarberShopCodeChallenge\WebApplication3\Angular\dist\out-tsc\src\app\app.component.js.map
C:\code\BarberShopCodeChallenge\WebApplication3\Angular\dist\out-tsc\src\app\app.module.js
C:\code\BarberShopCodeChallenge\WebApplication3\Angular\dist\out-tsc\src\app\app.module.js.map
C:\code\BarberShopCodeChallenge\WebApplication3\Angular\dist\out-tsc\src\environments\environment.js
C:\code\BarberShopCodeChallenge\WebApplication3\Angular\dist\out-tsc\src\environments\environment.js.map
C:\code\BarberShopCodeChallenge\WebApplication3\Angular\dist\out-tsc\src\main.js
C:\code\BarberShopCodeChallenge\WebApplication3\Angular\dist\out-tsc\src\main.js.map
C:\code\BarberShopCodeChallenge\WebApplication3\Angular\dist\out-tsc\src\polyfills.js
C:\code\BarberShopCodeChallenge\WebApplication3\Angular\dist\out-tsc\src\polyfills.js.map
C:\code\BarberShopCodeChallenge\WebApplication3\Angular\dist\out-tsc\src\test.js
C:\code\BarberShopCodeChallenge\WebApplication3\Angular\dist\out-tsc\src\test.js.map
C:\code\BarberShopCodeChallenge\WebApplication3\Angular\dist\out-tsc\src\environments\environment.prod.js
C:\code\BarberShopCodeChallenge\WebApplication3\Angular\dist\out-tsc\src\environments\environment.prod.js.map
